<?xml version="1.0" encoding="UTF-8"?>
<!-- Generated by org.testng.reporters.JUnitReportReporter -->
<testsuite hostname="user-PC" failures="0" tests="4" name="parallel_executions.ParellelExcecutionTestLevel" time="140.968" errors="0" timestamp="2022-04-05T21:36:49 IST" skipped="0">
  <testcase classname="parallel_executions.ParellelExcecutionTestLevel" name="gtUrl" time="43.097"/>
  <system-out/>
  <testcase classname="parallel_executions.ParellelExcecutionTestLevel" name="getUrl2" time="24.532"/>
  <system-out/>
  <testcase classname="parallel_executions.ParellelExcecutionTestLevel" name="gtUrl" time="48.542"/>
  <system-out/>
  <testcase classname="parallel_executions.ParellelExcecutionTestLevel" name="getUrl2" time="24.797"/>
  <system-out/>
</testsuite> <!-- parallel_executions.ParellelExcecutionTestLevel -->
