<?xml version="1.0" encoding="UTF-8"?>
<!-- Generated by org.testng.reporters.JUnitReportReporter -->
<testsuite hostname="user-PC" failures="0" tests="4" name="annotations.Grouping" time="0.032" errors="0" timestamp="2022-04-10T22:33:55 IST" skipped="0">
  <testcase classname="annotations.Grouping" name="login" time="0.023"/>
  <system-out/>
  <testcase classname="annotations.Grouping" name="dashBoard" time="0.003"/>
  <system-out/>
  <testcase classname="annotations.Grouping" name="profile" time="0.004"/>
  <system-out/>
  <testcase classname="annotations.Grouping" name="logout" time="0.002"/>
  <system-out/>
</testsuite> <!-- annotations.Grouping -->
