<?xml version="1.0" encoding="UTF-8"?>
<!-- Generated by org.testng.reporters.JUnitReportReporter -->
<testsuite hostname="user-PC" failures="0" tests="1" name="excel.ExcelPracticeFacebook" time="15.114" errors="0" timestamp="2022-04-10T10:15:31 IST" skipped="0">
  <testcase classname="excel.ExcelPracticeFacebook" name="fbLogin" time="15.114"/>
  <system-out/>
</testsuite> <!-- excel.ExcelPracticeFacebook -->
