<?xml version="1.0" encoding="UTF-8"?>
<!-- Generated by org.testng.reporters.JUnitReportReporter -->
<testsuite hostname="user-PC" failures="0" tests="3" name="action_class_revision.KeyboardActions" time="33.685" errors="0" timestamp="2022-04-07T22:48:19 IST" skipped="0">
  <testcase classname="action_class_revision.KeyboardActions" name="register" time="28.477"/>
  <system-out/>
  <testcase classname="action_class_revision.KeyboardActions" name="dropDown" time="5.072"/>
  <system-out>
    <![CDATA[Select Skills
Adobe InDesign
Adobe Photoshop
Analytics
Android
APIs
Art Design
AutoCAD
Backup Management
C
C++
Certifications
Client Server
Client Support
Configuration
Content Managment
Content Management Systems (CMS)
Corel Draw
Corel Word Perfect
CSS
Data Analytics
Desktop Publishing
Design
Diagnostics
Documentation
End User Support
Email
Engineering
Excel
FileMaker Pro
Fortran
HTML
Implementation
Installation
Internet
iOS
iPhone
Linux
Java
Javascript
Mac
Matlab
Maya
Microsoft Excel
Microsoft Office
Microsoft Outlook
Microsoft Publisher
Microsoft Word
Microsoft Visual
Mobile
MySQL
Networks
Open Source Software
Oracle
Perl
PHP
Presentations
Processing
Programming
PT Modeler
Python
QuickBooks
Ruby
Shade
Software
Spreadsheet
SQL
Support
Systems Administration
Tech Support
Troubleshooting
Unix
UI / UX
Web Page Design
Windows
Word Processing
XML
XHTML]]>
  </system-out>
  <testcase classname="action_class_revision.KeyboardActions" name="password" time="0.136"/>
  <system-out/>
</testsuite> <!-- action_class_revision.KeyboardActions -->
