<?xml version="1.0" encoding="UTF-8"?>
<!-- Generated by org.testng.reporters.JUnitReportReporter -->
<testsuite hostname="user-PC" failures="0" tests="1" name="test_ng_practice.PracticeClass1" time="14.596" errors="0" timestamp="2022-04-08T15:33:49 IST" skipped="0">
  <testcase classname="test_ng_practice.PracticeClass1" name="getLinks" time="14.596"/>
  <system-out/>
</testsuite> <!-- test_ng_practice.PracticeClass1 -->
