<?xml version="1.0" encoding="UTF-8"?>
<!-- Generated by org.testng.reporters.JUnitReportReporter -->
<testsuite hostname="user-PC" failures="0" tests="2" name="testng_annotations.Parameters1" time="129.768" errors="0" timestamp="2022-04-04T22:33:47 IST" skipped="0">
  <testcase classname="testng_annotations.Parameters1" name="launchUrl" time="74.751"/>
  <system-out/>
  <testcase classname="testng_annotations.Parameters1" name="launchUrl" time="55.017"/>
  <system-out/>
</testsuite> <!-- testng_annotations.Parameters1 -->
