<?xml version="1.0" encoding="UTF-8"?>
<!-- Generated by org.testng.reporters.JUnitReportReporter -->
<testsuite hostname="user-PC" failures="0" tests="3" name="action_class_revision.Alert" time="14.964" errors="0" timestamp="2022-04-05T22:21:32 IST" skipped="0">
  <testcase classname="action_class_revision.Alert" name="alertHandling" time="5.441"/>
  <system-out/>
  <testcase classname="action_class_revision.Alert" name="alertHandling2" time="0.870"/>
  <system-out/>
  <testcase classname="action_class_revision.Alert" name="alertHandling3" time="8.653"/>
  <system-out/>
</testsuite> <!-- action_class_revision.Alert -->
