<?xml version="1.0" encoding="UTF-8"?>
<!-- Generated by org.testng.reporters.JUnitReportReporter -->
<testsuite hostname="user-PC" failures="0" tests="2" name="parallel_executions.ParellelExecutions" time="0.013" errors="0" timestamp="2022-04-05T20:54:45 IST" skipped="0">
  <testcase classname="parallel_executions.ParellelExecutions" name="tc5" time="0.008"/>
  <system-out/>
  <testcase classname="parallel_executions.ParellelExecutions" name="tc6" time="0.005"/>
  <system-out/>
</testsuite> <!-- parallel_executions.ParellelExecutions -->
