<?xml version="1.0" encoding="UTF-8"?>
<!-- Generated by org.testng.reporters.JUnitReportReporter -->
<testsuite hostname="user-PC" failures="0" tests="2" name="parallel_executions.ParellelExecutions2" time="0.030" errors="0" timestamp="2022-04-05T20:54:45 IST" skipped="0">
  <testcase classname="parallel_executions.ParellelExecutions2" name="tc1" time="0.023"/>
  <system-out/>
  <testcase classname="parallel_executions.ParellelExecutions2" name="tc2" time="0.007"/>
  <system-out/>
</testsuite> <!-- parallel_executions.ParellelExecutions2 -->
